<?xml version="1.0" encoding="UTF-8"?>
<!-- Generated by org.testng.reporters.JUnitXMLReporter -->
<testsuite hostname="ISTPL-LAP-005" ignored="0" name="Test" tests="1" failures="1" timestamp="2019-10-24T15:09:14 IST" time="15.248" errors="0">
  <testcase name="functionalTest" time="0.016" classname="qa.apptest.testcases.EnvironmentTest">
    <failure type="java.lang.AssertionError" message="did not expect to find [true] but found [false]">
      <![CDATA[java.lang.AssertionError: did not expect to find [true] but found [false]
at qa.apptest.testcases.EnvironmentTest.functionalTest(EnvironmentTest.java:14)
at java.util.ArrayList.forEach(Unknown Source)
... Removed 31 stack frames]]>
    </failure>
  </testcase> <!-- functionalTest -->
</testsuite> <!-- Test -->
